<?xml version="1.0" encoding="UTF-8"?>
<testsuite xmlns:xsi="http://www.w3.org/2001/XMLSchema-instance" xsi:noNamespaceSchemaLocation="https://maven.apache.org/surefire/maven-surefire-plugin/xsd/surefire-test-report-3.0.xsd" version="3.0" name="com.financiero.decisiontree.CalculoFinancieroTest" time="0.095" tests="4" errors="0" skipped="0" failures="0">
  <properties>
[...]
</properties>
  <testcase name="testCalcularEMV" classname="com.financiero.decisiontree.CalculoFinancieroTest" time="0.041"/>
  <testcase name="testCalcularVANRuta" classname="com.financiero.decisiontree.CalculoFinancieroTest" time="0.003"/>
  <testcase name="testEncontrarRutaOptimaDijkstra" classname="com.financiero.decisiontree.CalculoFinancieroTest" time="0.003"/>
  <testcase name="testCalcularExpectedVAN" classname="com.financiero.decisiontree.CalculoFinancieroTest" time="0.001"/>
</testsuite>